[14:50:25] [main/INFO]: Setting user: Player227
[14:50:34] [Client thread/INFO]: LWJGL Version: 2.9.1
[14:51:09] [Client thread/INFO]: Reloading ResourceManager: Default, FMLFileResourcePack:Forge Mod Loader, FMLFileResourcePack:Minecraft Forge, FMLFileResourcePack:Lets Mod Reboot
[14:51:21] [Sound Library Loader/INFO]: Sound engine started
[14:51:41] [Client thread/INFO]: Created: 512x256 textures/blocks-atlas
[14:51:42] [Client thread/INFO]: Created: 256x256 textures/items-atlas
[14:51:43] [Client thread/INFO]: Reloading ResourceManager: Default, FMLFileResourcePack:Forge Mod Loader, FMLFileResourcePack:Minecraft Forge, FMLFileResourcePack:Lets Mod Reboot
[14:51:44] [Client thread/INFO]: Created: 512x256 textures/blocks-atlas
[14:51:45] [Client thread/INFO]: Created: 256x256 textures/items-atlas
[14:51:46] [Sound Library Loader/INFO]: Sound engine started
[14:52:11] [Server thread/INFO]: Starting integrated minecraft server version 1.7.10
[14:52:11] [Server thread/INFO]: Generating keypair
[14:52:13] [Server thread/INFO]: Preparing start region for level 0
[14:52:15] [Server thread/INFO]: Preparing spawn area: 0%
[14:52:16] [Server thread/INFO]: Preparing spawn area: 29%
[14:52:17] [Server thread/INFO]: Preparing spawn area: 73%
[14:52:18] [Server thread/INFO]: Changing view distance to 2, from 10
[14:52:24] [Server thread/INFO]: Player227[local:E:e4507ee4] logged in with entity id 165 at (463.30000001192093, 4.0, 762.1865334842662)
[14:52:24] [Server thread/INFO]: Player227 joined the game
[14:52:26] [Server thread/INFO]: Saving and pausing game...
[14:52:26] [Server thread/INFO]: Saving chunks for level 'New World'/Overworld
[14:52:27] [Server thread/INFO]: Saving chunks for level 'New World'/Nether
[14:52:27] [Server thread/INFO]: Saving chunks for level 'New World'/The End
[14:52:27] [Server thread/WARN]: Can't keep up! Did the system time change, or is the server overloaded? Running 2767ms behind, skipping 55 tick(s)
[14:52:43] [Server thread/WARN]: Can't keep up! Did the system time change, or is the server overloaded? Running 3578ms behind, skipping 71 tick(s)
[14:53:18] [Server thread/INFO]: Saving and pausing game...
[14:53:18] [Server thread/INFO]: Saving chunks for level 'New World'/Overworld
[14:53:19] [Server thread/INFO]: Saving chunks for level 'New World'/Nether
[14:53:19] [Server thread/INFO]: Saving chunks for level 'New World'/The End
[14:53:19] [Server thread/INFO]: Stopping server
[14:53:19] [Server thread/INFO]: Saving players
[14:53:19] [Server thread/INFO]: Saving worlds
[14:53:19] [Server thread/INFO]: Saving chunks for level 'New World'/Overworld
[14:53:19] [Server thread/INFO]: Saving chunks for level 'New World'/Nether
[14:53:19] [Server thread/INFO]: Saving chunks for level 'New World'/The End
[14:53:23] [Client thread/INFO]: Stopping!
